<?xml version="1.0" encoding="UTF-8"?>
<!-- Generated by org.testng.reporters.JUnitReportReporter -->
<testsuite hostname="DESKTOP-1T5BJDV" failures="0" tests="1" name="authentication.Login" time="2.706" errors="0" timestamp="2024-07-11T13:16:54 IST" skipped="0">
  <testcase classname="authentication.Login" name="Tc_01" time="2.706"/>
</testsuite> <!-- authentication.Login -->
